TN:
SF:D:\project\other\acgo\app.js
FN:43,(anonymous_1)
FN:50,(anonymous_2)
FNF:2
FNH:2
FNDA:1,(anonymous_1)
FNDA:10,(anonymous_2)
DA:2,1
DA:3,1
DA:4,1
DA:5,1
DA:6,1
DA:7,1
DA:8,1
DA:9,1
DA:10,1
DA:11,1
DA:12,1
DA:15,1
DA:17,1
DA:19,1
DA:21,1
DA:24,1
DA:25,1
DA:26,1
DA:29,1
DA:30,1
DA:31,1
DA:32,1
DA:33,1
DA:36,1
DA:38,1
DA:40,1
DA:43,1
DA:44,1
DA:45,1
DA:46,1
DA:50,1
DA:51,10
DA:52,10
DA:53,10
DA:54,10
DA:55,0
DA:56,0
DA:57,10
DA:58,10
DA:60,1
DA:61,1
DA:63,0
DA:64,0
DA:65,0
DA:67,0
DA:68,0
DA:70,7
DA:71,5
DA:72,5
DA:73,5
DA:75,7
DA:77,2
DA:78,2
DA:79,2
DA:82,0
DA:83,0
DA:87,10
DA:92,10
DA:96,1
DA:97,1
DA:100,10
DA:101,10
DA:103,0
DA:107,1
LF:64
LH:54
BRDA:51,1,0,10
BRDA:51,1,1,0
BRDA:52,2,0,10
BRDA:52,2,1,8
BRDA:52,2,2,0
BRDA:53,3,0,10
BRDA:53,3,1,0
BRDA:54,4,0,0
BRDA:54,4,1,10
BRDA:54,5,0,10
BRDA:54,5,1,10
BRDA:54,5,2,10
BRDA:57,6,0,10
BRDA:57,6,1,0
BRDA:58,7,0,1
BRDA:58,7,1,0
BRDA:58,7,2,0
BRDA:58,7,3,7
BRDA:58,7,4,2
BRDA:70,8,0,5
BRDA:70,8,1,2
BRDA:72,9,0,0
BRDA:72,9,1,5
BRDA:92,10,0,0
BRDA:92,10,1,1
BRDA:92,10,2,1
BRF:26
BRH:17
end_of_record
TN:
SF:D:\project\other\acgo\log.js
FN:12,(anonymous_1)
FN:13,emptyLogger
FN:15,(anonymous_3)
FN:16,(anonymous_4)
FN:60,(anonymous_5)
FNF:5
FNH:3
FNDA:1,(anonymous_1)
FNDA:1,emptyLogger
FNDA:10,(anonymous_3)
FNDA:0,(anonymous_4)
FNDA:0,(anonymous_5)
DA:6,1
DA:7,1
DA:8,1
DA:9,1
DA:10,1
DA:11,1
DA:12,1
DA:13,1
DA:14,1
DA:18,1
DA:19,1
DA:22,0
DA:23,0
DA:25,0
DA:27,0
DA:57,0
DA:59,0
DA:60,0
DA:61,0
LF:19
LH:11
BRDA:10,1,0,1
BRDA:10,1,1,1
BRDA:11,2,0,1
BRDA:11,2,1,0
BRDA:57,3,0,0
BRDA:57,3,1,0
BRF:6
BRH:3
end_of_record
TN:
SF:D:\project\other\acgo\config\index.js
FNF:0
FNH:0
DA:2,1
DA:3,1
DA:4,1
DA:7,1
DA:22,1
DA:24,1
DA:25,1
DA:27,1
DA:29,1
LF:9
LH:9
BRDA:22,1,0,1
BRDA:22,1,1,1
BRDA:22,2,0,1
BRDA:22,2,1,0
BRDA:27,3,0,1
BRDA:27,3,1,0
BRF:6
BRH:4
end_of_record
TN:
SF:D:\project\other\acgo\common\tool.js
FN:10,(anonymous_1)
FNF:1
FNH:1
FNDA:7,(anonymous_1)
DA:2,1
DA:10,1
DA:11,7
DA:12,7
DA:13,7
DA:14,7
DA:16,7
DA:17,3
DA:24,4
DA:26,7
LF:10
LH:10
BRDA:16,1,0,3
BRDA:16,1,1,4
BRF:2
BRH:2
end_of_record
TN:
SF:D:\project\other\acgo\enums\status_code.js
FNF:0
FNH:0
DA:2,1
LF:1
LH:1
BRF:0
BRH:0
end_of_record
TN:
SF:D:\project\other\acgo\config\config-case.js
FNF:0
FNH:0
DA:1,1
LF:1
LH:1
BRF:0
BRH:0
end_of_record
TN:
SF:D:\project\other\acgo\router.js
FN:9,(anonymous_1)
FN:19,(anonymous_2)
FNF:2
FNH:2
FNDA:1,(anonymous_1)
FNDA:1,(anonymous_2)
DA:5,1
DA:6,1
DA:7,1
DA:8,1
DA:9,1
DA:11,1
DA:12,1
DA:13,1
DA:14,1
DA:15,1
DA:16,1
DA:19,1
DA:21,1
DA:22,1
DA:23,1
DA:24,0
DA:25,0
DA:26,0
LF:18
LH:15
BRF:0
BRH:0
end_of_record
TN:
SF:D:\project\other\acgo\middlewares\api_auth.js
FN:10,(anonymous_1)
FN:20,(anonymous_2)
FNF:2
FNH:0
FNDA:0,(anonymous_1)
FNDA:0,(anonymous_2)
DA:1,1
DA:2,1
DA:3,1
DA:4,1
DA:10,1
DA:11,0
DA:12,0
DA:13,0
DA:14,0
DA:15,0
DA:16,0
DA:17,0
DA:18,0
DA:20,0
DA:21,0
DA:22,0
DA:23,0
DA:24,0
DA:26,0
DA:27,0
LF:20
LH:5
BRDA:15,1,0,0
BRDA:15,1,1,0
BRDA:15,2,0,0
BRDA:15,2,1,0
BRDA:15,2,2,0
BRDA:15,2,3,0
BRDA:21,3,0,0
BRDA:21,3,1,0
BRDA:21,4,0,0
BRDA:21,4,1,0
BRF:10
BRH:0
end_of_record
TN:
SF:D:\project\other\acgo\common\auth.js
FN:4,md5Hash
FN:13,(anonymous_2)
FNF:2
FNH:0
FNDA:0,md5Hash
FNDA:0,(anonymous_2)
DA:2,1
DA:4,1
DA:5,0
DA:6,0
DA:7,0
DA:13,1
DA:14,0
DA:17,1
LF:8
LH:4
BRF:0
BRH:0
end_of_record
TN:
SF:D:\project\other\acgo\proxy\index.js
FNF:0
FNH:0
DA:1,1
LF:1
LH:1
BRF:0
BRH:0
end_of_record
TN:
SF:D:\project\other\acgo\proxy\app.js
FN:9,newAndSave
FN:23,updateById
FN:24,(anonymous_3)
FN:37,(anonymous_4)
FN:47,removeById
FN:48,(anonymous_6)
FN:52,(anonymous_7)
FN:62,getById
FN:71,getByAlias
FN:83,getList
FNF:10
FNH:9
FNDA:9,newAndSave
FNDA:2,updateById
FNDA:2,(anonymous_3)
FNDA:1,(anonymous_4)
FNDA:2,removeById
FNDA:2,(anonymous_6)
FNDA:1,(anonymous_7)
FNDA:4,getById
FNDA:0,getByAlias
FNDA:3,getList
DA:3,1
DA:9,1
DA:10,9
DA:11,9
DA:12,9
DA:13,9
DA:14,9
DA:15,9
DA:23,1
DA:24,2
DA:25,2
DA:26,1
DA:27,1
DA:28,1
DA:29,1
DA:30,1
DA:31,1
DA:32,1
DA:33,1
DA:34,1
DA:35,1
DA:37,1
DA:38,1
DA:47,1
DA:48,2
DA:49,2
DA:50,1
DA:52,1
DA:53,1
DA:62,1
DA:63,4
DA:71,1
DA:72,0
DA:83,1
DA:84,3
DA:86,1
DA:87,1
DA:88,1
DA:89,1
DA:90,1
DA:91,1
LF:41
LH:40
BRDA:25,1,0,1
BRDA:25,1,1,1
BRDA:27,2,0,1
BRDA:27,2,1,0
BRDA:28,3,0,1
BRDA:28,3,1,0
BRDA:29,4,0,1
BRDA:29,4,1,0
BRDA:30,5,0,1
BRDA:30,5,1,0
BRDA:31,6,0,0
BRDA:31,6,1,1
BRDA:32,7,0,0
BRDA:32,7,1,1
BRDA:33,8,0,0
BRDA:33,8,1,1
BRDA:49,9,0,1
BRDA:49,9,1,1
BRF:18
BRH:11
end_of_record
TN:
SF:D:\project\other\acgo\models\index.js
FN:7,(anonymous_1)
FNF:1
FNH:1
FNDA:1,(anonymous_1)
DA:2,1
DA:3,1
DA:4,1
DA:5,1
DA:8,1
DA:9,0
DA:10,0
DA:15,1
DA:16,1
LF:9
LH:7
BRDA:8,1,0,0
BRDA:8,1,1,1
BRF:2
BRH:1
end_of_record
TN:
SF:D:\project\other\acgo\models\app.js
FNF:0
FNH:0
DA:3,1
DA:4,1
DA:5,1
DA:6,1
DA:7,1
DA:14,1
DA:25,1
DA:32,1
DA:43,1
DA:55,1
DA:66,1
DA:67,1
DA:68,1
LF:13
LH:13
BRF:0
BRH:0
end_of_record
TN:
SF:D:\project\other\acgo\models\base_model.js
FN:3,(anonymous_1)
FN:4,(anonymous_2)
FNF:2
FNH:2
FNDA:1,(anonymous_1)
FNDA:5,(anonymous_2)
DA:2,1
DA:3,1
DA:4,1
DA:5,5
DA:6,5
DA:8,5
LF:6
LH:6
BRDA:5,1,0,5
BRDA:5,1,1,0
BRF:2
BRH:1
end_of_record
TN:
SF:D:\project\other\acgo\controllers\web\app.js
FN:16,(anonymous_1)
FN:20,(anonymous_2)
FN:22,(anonymous_3)
FN:28,(anonymous_4)
FN:34,(anonymous_5)
FN:36,(anonymous_6)
FN:42,(anonymous_7)
FN:48,(anonymous_8)
FN:50,(anonymous_9)
FN:56,(anonymous_10)
FN:57,(anonymous_11)
FN:59,(anonymous_12)
FNF:12
FNH:11
FNDA:3,(anonymous_1)
FNDA:3,(anonymous_2)
FNDA:0,(anonymous_3)
FNDA:9,(anonymous_4)
FNDA:2,(anonymous_5)
FNDA:7,(anonymous_6)
FNDA:2,(anonymous_7)
FNDA:1,(anonymous_8)
FNDA:1,(anonymous_9)
FNDA:2,(anonymous_10)
FNDA:1,(anonymous_11)
FNDA:1,(anonymous_12)
DA:5,1
DA:6,1
DA:7,1
DA:10,1
DA:11,1
DA:13,1
DA:16,1
DA:17,3
DA:18,3
DA:19,3
DA:20,3
DA:21,3
DA:23,0
DA:24,0
DA:28,1
DA:29,9
DA:30,9
DA:31,9
DA:32,9
DA:33,9
DA:34,9
DA:35,2
DA:37,7
DA:38,7
DA:42,1
DA:43,2
DA:44,2
DA:45,2
DA:46,2
DA:47,2
DA:48,2
DA:49,1
DA:51,1
DA:52,1
DA:56,1
DA:57,2
DA:58,1
DA:60,1
DA:61,1
DA:65,1
LF:40
LH:38
BRDA:17,1,0,3
BRDA:17,1,1,3
BRDA:18,2,0,3
BRDA:18,2,1,3
BRF:4
BRH:4
end_of_record
